# JRE version: Java(TM) SE Runtime Environment (8.0_20-b26) (build 1.8.0_20-b26)
# Java VM: Java HotSpot(TM) 64-Bit Server VM (25.20-b23 mixed mode windows-amd64 compressed oops)
Heap:
 PSYoungGen      total 325120K, used 232413K [0x00000000eab00000, 0x0000000100000000, 0x0000000100000000)
  eden space 301056K, 69% used [0x00000000eab00000,0x00000000f7679158,0x00000000fd100000)
  from space 24064K, 99% used [0x00000000fd100000,0x00000000fe87e4a8,0x00000000fe880000)
  to   space 24064K, 0% used [0x00000000fe880000,0x00000000fe880000,0x0000000100000000)
 ParOldGen       total 99328K, used 56512K [0x00000000c0000000, 0x00000000c6100000, 0x00000000eab00000)
  object space 99328K, 56% used [0x00000000c0000000,0x00000000c3730358,0x00000000c6100000)
 Metaspace       used 59837K, capacity 63682K, committed 63872K, reserved 1103872K
  class space    used 8200K, capacity 9572K, committed 9600K, reserved 1048576K
GC Heap History (10 events):
Event: 11.726 GC heap before
{Heap before GC invocations=10 (full 1):
 PSYoungGen      total 317440K, used 69846K [0x00000000eab00000, 0x0000000100000000, 0x0000000100000000)
  eden space 304128K, 18% used [0x00000000eab00000,0x00000000ee23da80,0x00000000fd400000)
  from space 13312K, 99% used [0x00000000ff300000,0x00000000ffff8010,0x0000000100000000)
  to   space 22528K, 0% used [0x00000000fd400000,0x00000000fd400000,0x00000000fea00000)
 ParOldGen       total 99328K, used 28342K [0x00000000c0000000, 0x00000000c6100000, 0x00000000eab00000)
  object space 99328K, 28% used [0x00000000c0000000,0x00000000c1bad988,0x00000000c6100000)
 Metaspace       used 34102K, capacity 35398K, committed 35496K, reserved 1079296K
  class space    used 4573K, capacity 5069K, committed 5120K, reserved 1048576K
Event: 11.751 GC heap after
Heap after GC invocations=10 (full 1):
 PSYoungGen      total 325120K, used 20741K [0x00000000eab00000, 0x0000000100000000, 0x0000000100000000)
  eden space 304128K, 0% used [0x00000000eab00000,0x00000000eab00000,0x00000000fd400000)
  from space 20992K, 98% used [0x00000000fd400000,0x00000000fe841540,0x00000000fe880000)
  to   space 24064K, 0% used [0x00000000fe880000,0x00000000fe880000,0x0000000100000000)
 ParOldGen       total 99328K, used 28350K [0x00000000c0000000, 0x00000000c6100000, 0x00000000eab00000)
  object space 99328K, 28% used [0x00000000c0000000,0x00000000c1baf988,0x00000000c6100000)
 Metaspace       used 34102K, capacity 35398K, committed 35496K, reserved 1079296K
  class space    used 4573K, capacity 5069K, committed 5120K, reserved 1048576K
}
Event: 11.751 GC heap before
{Heap before GC invocations=11 (full 2):
 PSYoungGen      total 325120K, used 20741K [0x00000000eab00000, 0x0000000100000000, 0x0000000100000000)
  eden space 304128K, 0% used [0x00000000eab00000,0x00000000eab00000,0x00000000fd400000)
  from space 20992K, 98% used [0x00000000fd400000,0x00000000fe841540,0x00000000fe880000)
  to   space 24064K, 0% used [0x00000000fe880000,0x00000000fe880000,0x0000000100000000)
 ParOldGen       total 99328K, used 28350K [0x00000000c0000000, 0x00000000c6100000, 0x00000000eab00000)
  object space 99328K, 28% used [0x00000000c0000000,0x00000000c1baf988,0x00000000c6100000)
 Metaspace       used 34102K, capacity 35398K, committed 35496K, reserved 1079296K
  class space    used 4573K, capacity 5069K, committed 5120K, reserved 1048576K
Event: 11.948 GC heap after
Heap after GC invocations=11 (full 2):
 PSYoungGen      total 325120K, used 0K [0x00000000eab00000, 0x0000000100000000, 0x0000000100000000)
  eden space 304128K, 0% used [0x00000000eab00000,0x00000000eab00000,0x00000000fd400000)
  from space 20992K, 0% used [0x00000000fd400000,0x00000000fd400000,0x00000000fe880000)
  to   space 24064K, 0% used [0x00000000fe880000,0x00000000fe880000,0x0000000100000000)
 ParOldGen       total 99328K, used 46125K [0x00000000c0000000, 0x00000000c6100000, 0x00000000eab00000)
  object space 99328K, 46% used [0x00000000c0000000,0x00000000c2d0b558,0x00000000c6100000)
 Metaspace       used 34102K, capacity 35398K, committed 35496K, reserved 1079296K
  class space    used 4573K, capacity 5069K, committed 5120K, reserved 1048576K
}
Event: 13.132 GC heap before
{Heap before GC invocations=12 (full 2):
 PSYoungGen      total 325120K, used 99539K [0x00000000eab00000, 0x0000000100000000, 0x0000000100000000)
  eden space 304128K, 32% used [0x00000000eab00000,0x00000000f0c34ec8,0x00000000fd400000)
  from space 20992K, 0% used [0x00000000fd400000,0x00000000fd400000,0x00000000fe880000)
  to   space 24064K, 0% used [0x00000000fe880000,0x00000000fe880000,0x0000000100000000)
 ParOldGen       total 99328K, used 46125K [0x00000000c0000000, 0x00000000c6100000, 0x00000000eab00000)
  object space 99328K, 46% used [0x00000000c0000000,0x00000000c2d0b558,0x00000000c6100000)
 Metaspace       used 37476K, capacity 39494K, committed 39808K, reserved 1083392K
  class space    used 5177K, capacity 5930K, committed 6016K, reserved 1048576K
Event: 13.161 GC heap after
Heap after GC invocations=12 (full 2):
 PSYoungGen      total 325120K, used 9504K [0x00000000eab00000, 0x0000000100000000, 0x0000000100000000)
  eden space 301056K, 0% used [0x00000000eab00000,0x00000000eab00000,0x00000000fd100000)
  from space 24064K, 39% used [0x00000000fe880000,0x00000000ff1c83b0,0x0000000100000000)
  to   space 24064K, 0% used [0x00000000fd100000,0x00000000fd100000,0x00000000fe880000)
 ParOldGen       total 99328K, used 46133K [0x00000000c0000000, 0x00000000c6100000, 0x00000000eab00000)
  object space 99328K, 46% used [0x00000000c0000000,0x00000000c2d0d558,0x00000000c6100000)
 Metaspace       used 37476K, capacity 39494K, committed 39808K, reserved 1083392K
  class space    used 5177K, capacity 5930K, committed 6016K, reserved 1048576K
}
Event: 13.161 GC heap before
{Heap before GC invocations=13 (full 3):
 PSYoungGen      total 325120K, used 9504K [0x00000000eab00000, 0x0000000100000000, 0x0000000100000000)
  eden space 301056K, 0% used [0x00000000eab00000,0x00000000eab00000,0x00000000fd100000)
  from space 24064K, 39% used [0x00000000fe880000,0x00000000ff1c83b0,0x0000000100000000)
  to   space 24064K, 0% used [0x00000000fd100000,0x00000000fd100000,0x00000000fe880000)
 ParOldGen       total 99328K, used 46133K [0x00000000c0000000, 0x00000000c6100000, 0x00000000eab00000)
  object space 99328K, 46% used [0x00000000c0000000,0x00000000c2d0d558,0x00000000c6100000)
 Metaspace       used 37476K, capacity 39494K, committed 39808K, reserved 1083392K
  class space    used 5177K, capacity 5930K, committed 6016K, reserved 1048576K
Event: 13.776 GC heap after
Heap after GC invocations=13 (full 3):
 PSYoungGen      total 325120K, used 0K [0x00000000eab00000, 0x0000000100000000, 0x0000000100000000)
  eden space 301056K, 0% used [0x00000000eab00000,0x00000000eab00000,0x00000000fd100000)
  from space 24064K, 0% used [0x00000000fe880000,0x00000000fe880000,0x0000000100000000)
  to   space 24064K, 0% used [0x00000000fd100000,0x00000000fd100000,0x00000000fe880000)
 ParOldGen       total 99328K, used 46157K [0x00000000c0000000, 0x00000000c6100000, 0x00000000eab00000)
  object space 99328K, 46% used [0x00000000c0000000,0x00000000c2d13578,0x00000000c6100000)
 Metaspace       used 37476K, capacity 39494K, committed 39808K, reserved 1083392K
  class space    used 5177K, capacity 5930K, committed 6016K, reserved 1048576K
}
Event: 31.472 GC heap before
{Heap before GC invocations=14 (full 3):
 PSYoungGen      total 325120K, used 301056K [0x00000000eab00000, 0x0000000100000000, 0x0000000100000000)
  eden space 301056K, 100% used [0x00000000eab00000,0x00000000fd100000,0x00000000fd100000)
  from space 24064K, 0% used [0x00000000fe880000,0x00000000fe880000,0x0000000100000000)
  to   space 24064K, 0% used [0x00000000fd100000,0x00000000fd100000,0x00000000fe880000)
 ParOldGen       total 99328K, used 46157K [0x00000000c0000000, 0x00000000c6100000, 0x00000000eab00000)
  object space 99328K, 46% used [0x00000000c0000000,0x00000000c2d13578,0x00000000c6100000)
 Metaspace       used 52533K, capacity 55714K, committed 55936K, reserved 1097728K
  class space    used 7162K, capacity 8272K, committed 8320K, reserved 1048576K
Event: 31.505 GC heap after
Heap after GC invocations=14 (full 3):
 PSYoungGen      total 325120K, used 24057K [0x00000000eab00000, 0x0000000100000000, 0x0000000100000000)
  eden space 301056K, 0% used [0x00000000eab00000,0x00000000eab00000,0x00000000fd100000)
  from space 24064K, 99% used [0x00000000fd100000,0x00000000fe87e4a8,0x00000000fe880000)
  to   space 24064K, 0% used [0x00000000fe880000,0x00000000fe880000,0x0000000100000000)
 ParOldGen       total 99328K, used 56512K [0x00000000c0000000, 0x00000000c6100000, 0x00000000eab00000)
  object space 99328K, 56% used [0x00000000c0000000,0x00000000c3730358,0x00000000c6100000)
 Metaspace       used 52533K, capacity 55714K, committed 55936K, reserved 1097728K
  class space    used 7162K, capacity 8272K, committed 8320K, reserved 1048576K
}

